<?xml version="1.0" encoding="UTF-8"?>
<!-- Generated by org.testng.reporters.JUnitXMLReporter -->
<testsuite ignored="0" hostname="DESKTOP-MGUTKMH" failures="0" tests="4" name="Test" time="0.024" errors="0" timestamp="30 Aug 2024 11:48:21 GMT">
  <testcase classname="pac1.ConatctTest" name="createConatctTest" time="0.004"/>
  <testcase classname="pac1.ConatctTest" name="modifyConatctTest" time="0.001"/>
  <testcase classname="pac2.OrgTest" name="createOrgTest" time="0.001"/>
  <testcase classname="pac2.OrgTest" name="modifyOrgTest" time="0.0"/>
</testsuite> <!-- Test -->
