<?xml version="1.0" encoding="UTF-8"?>
<testng-results ignored="0" total="4" passed="4" failed="0" skipped="0">
  <reporter-output>
  </reporter-output>
  <suite started-at="2024-08-30T11:48:20Z" name="Suite" finished-at="2024-08-30T11:48:20Z" duration-ms="24">
    <groups>
    </groups>
    <test started-at="2024-08-30T11:48:20Z" name="Test" finished-at="2024-08-30T11:48:20Z" duration-ms="24">
      <class name="pac2.OrgTest">
        <test-method signature="createOrgTest()[pri:0, instance:pac2.OrgTest@7fbdb894]" started-at="2024-08-30T11:48:20Z" name="createOrgTest" finished-at="2024-08-30T11:48:20Z" duration-ms="1" status="PASS">
          <reporter-output>
          </reporter-output>
        </test-method> <!-- createOrgTest -->
        <test-method signature="modifyOrgTest()[pri:0, instance:pac2.OrgTest@7fbdb894]" started-at="2024-08-30T11:48:20Z" name="modifyOrgTest" finished-at="2024-08-30T11:48:20Z" duration-ms="0" status="PASS">
          <reporter-output>
          </reporter-output>
        </test-method> <!-- modifyOrgTest -->
      </class> <!-- pac2.OrgTest -->
      <class name="pac1.ConatctTest">
        <test-method signature="createConatctTest()[pri:0, instance:pac1.ConatctTest@4e423aa2]" started-at="2024-08-30T11:48:20Z" name="createConatctTest" finished-at="2024-08-30T11:48:20Z" duration-ms="4" status="PASS">
          <reporter-output>
          </reporter-output>
        </test-method> <!-- createConatctTest -->
        <test-method signature="modifyConatctTest()[pri:0, instance:pac1.ConatctTest@4e423aa2]" started-at="2024-08-30T11:48:20Z" name="modifyConatctTest" finished-at="2024-08-30T11:48:20Z" duration-ms="1" status="PASS">
          <reporter-output>
          </reporter-output>
        </test-method> <!-- modifyConatctTest -->
      </class> <!-- pac1.ConatctTest -->
    </test> <!-- Test -->
  </suite> <!-- Suite -->
</testng-results>
