<?xml version="1.0" encoding="UTF-8"?>
<testng-results ignored="0" total="2" passed="2" failed="0" skipped="0">
  <reporter-output>
  </reporter-output>
  <suite started-at="2024-09-03T05:19:02Z" name="Suite" finished-at="2024-09-03T05:19:02Z" duration-ms="23">
    <groups>
    </groups>
    <test started-at="2024-09-03T05:19:02Z" name="Test" finished-at="2024-09-03T05:19:02Z" duration-ms="23">
      <class name="pac2.OrgTest">
        <test-method signature="createOrgTest()[pri:0, instance:pac2.OrgTest@48075da3]" started-at="2024-09-03T05:19:02Z" name="createOrgTest" finished-at="2024-09-03T05:19:02Z" duration-ms="8" status="PASS">
          <reporter-output>
          </reporter-output>
        </test-method> <!-- createOrgTest -->
        <test-method signature="modifyOrgTest()[pri:0, instance:pac2.OrgTest@48075da3]" started-at="2024-09-03T05:19:02Z" name="modifyOrgTest" finished-at="2024-09-03T05:19:02Z" duration-ms="0" status="PASS">
          <reporter-output>
          </reporter-output>
        </test-method> <!-- modifyOrgTest -->
      </class> <!-- pac2.OrgTest -->
    </test> <!-- Test -->
  </suite> <!-- Suite -->
</testng-results>
